cat tf.log 
root@c081aac4ce1d:/workspace# cat tensor_factorization_20241219_105529.log 
2024-12-19 10:55:36,091 - INFO - Mode: 2, Method: cp, Loss: 0.6936375498771667, Time: 6.257782 seconds
2024-12-19 10:55:44,908 - INFO - Mode: 2, Method: tucker, Loss: 2.594999313354492, Time: 8.815846 seconds
2024-12-19 10:55:46,913 - INFO - Mode: 2, Method: train, Loss: 1.4813611507415771, Time: 2.004767 seconds
2024-12-19 10:55:57,725 - INFO - Mode: 2, Method: ring, Loss: 3.290888786315918, Time: 10.812694 seconds
2024-12-19 10:56:01,729 - ERROR - Error occurred for mode: 3, method: cp. Exception: 'NoneType' object has no attribute 'item'
2024-12-19 10:56:08,977 - INFO - Mode: 3, Method: tucker, Loss: 119.72918701171875, Time: 7.247822 seconds
2024-12-19 10:56:14,828 - INFO - Mode: 3, Method: train, Loss: 82.52055358886719, Time: 5.851006 seconds
2024-12-19 10:56:31,072 - INFO - Mode: 3, Method: ring, Loss: 67.7401123046875, Time: 16.243459 seconds
2024-12-19 10:56:38,167 - INFO - Mode: 4, Method: cp, Loss: 1157.9693603515625, Time: 7.094437 seconds
2024-12-19 10:56:44,893 - INFO - Mode: 4, Method: tucker, Loss: 1070.056884765625, Time: 6.724556 seconds
2024-12-19 10:56:50,527 - INFO - Mode: 4, Method: train, Loss: 1171.7255859375, Time: 5.634451 seconds
2024-12-19 10:57:10,648 - INFO - Mode: 4, Method: ring, Loss: 991.54541015625, Time: 20.120046 seconds
2024-12-19 10:57:18,451 - ERROR - Error occurred for mode: 5, method: cp. Exception: 'NoneType' object has no attribute 'item'
2024-12-19 10:57:28,312 - INFO - Mode: 5, Method: tucker, Loss: 8663.9501953125, Time: 9.861130 seconds
2024-12-19 10:57:30,964 - INFO - Mode: 5, Method: train, Loss: 8380.7578125, Time: 2.651284 seconds
2024-12-19 10:57:34,243 - INFO - Mode: 5, Method: ring, Loss: 8485.2314453125, Time: 3.278504 seconds
2024-12-19 10:57:39,352 - INFO - Mode: 6, Method: cp, Loss: 58747.75390625, Time: 5.108906 seconds
2024-12-19 10:57:43,328 - INFO - Mode: 6, Method: tucker, Loss: 61097.87890625, Time: 3.975953 seconds
2024-12-19 10:57:47,163 - INFO - Mode: 6, Method: train, Loss: 59491.015625, Time: 3.834805 seconds
2024-12-19 10:57:49,927 - INFO - Mode: 6, Method: ring, Loss: 66918.6640625, Time: 2.763680 seconds
2024-12-19 10:57:54,903 - INFO - Mode: 7, Method: cp, Loss: 412181.03125, Time: 4.975632 seconds
2024-12-19 10:58:00,787 - INFO - Mode: 7, Method: tucker, Loss: 440914.46875, Time: 5.883185 seconds
2024-12-19 10:58:04,754 - INFO - Mode: 7, Method: train, Loss: 438337.9375, Time: 3.967365 seconds
2024-12-19 10:58:08,043 - INFO - Mode: 7, Method: ring, Loss: 578267.8125, Time: 3.288763 seconds
2024-12-19 10:58:11,763 - ERROR - Error occurred for mode: 8, method: cp. Exception: 'NoneType' object has no attribute 'item'
2024-12-19 10:58:20,931 - INFO - Mode: 8, Method: tucker, Loss: 7882137.5, Time: 9.166775 seconds
2024-12-19 10:58:24,914 - INFO - Mode: 8, Method: train, Loss: 3910116.75, Time: 3.979325 seconds
2024-12-19 10:58:32,101 - INFO - Mode: 8, Method: ring, Loss: 10774903.0, Time: 7.183643 seconds
2024-12-19 10:58:51,912 - INFO - Mode: 9, Method: cp, Loss: 20194722.0, Time: 19.808116 seconds
2024-12-19 10:59:11,974 - INFO - Mode: 9, Method: tucker, Loss: 56129460.0, Time: 20.048721 seconds
2024-12-19 10:59:32,420 - INFO - Mode: 9, Method: train, Loss: 62553128.0, Time: 20.431124 seconds
2024-12-19 10:59:50,432 - INFO - Mode: 9, Method: ring, Loss: 116270032.0, Time: 17.997790 seconds
root@c081aac4ce1d:/workspace# 
